[33mCMake Warning (dev) at /usr/lib/x86_64-linux-gnu/cmake/pcl/PCLConfig.cmake:146 (find_package):
  Policy CMP0144 is not set: find_package uses upper-case <PACKAGENAME>_ROOT
  variables.  Run "cmake --help-policy CMP0144" for policy details.  Use the
  cmake_policy command to set the policy and suppress this warning.

  CMake variable EIGEN_ROOT is set to:

    /usr/include/eigen3

  For compatibility, find_package is ignoring the variable, but code in a
  .cmake module might still use it.
Call Stack (most recent call first):
  /usr/lib/x86_64-linux-gnu/cmake/pcl/PCLConfig.cmake:299 (find_eigen)
  /usr/lib/x86_64-linux-gnu/cmake/pcl/PCLConfig.cmake:543 (find_external_library)
  CMakeLists.txt:9 (find_package)
This warning is for project developers.  Use -Wno-dev to suppress it.
[0m
[33mCMake Warning (dev) at /usr/lib/x86_64-linux-gnu/cmake/pcl/Modules/FindFLANN.cmake:44 (find_package):
  Policy CMP0144 is not set: find_package uses upper-case <PACKAGENAME>_ROOT
  variables.  Run "cmake --help-policy CMP0144" for policy details.  Use the
  cmake_policy command to set the policy and suppress this warning.

  CMake variable FLANN_ROOT is set to:

    /usr

  For compatibility, find_package is ignoring the variable, but code in a
  .cmake module might still use it.
Call Stack (most recent call first):
  /usr/lib/x86_64-linux-gnu/cmake/pcl/PCLConfig.cmake:256 (find_package)
  /usr/lib/x86_64-linux-gnu/cmake/pcl/PCLConfig.cmake:301 (find_flann)
  /usr/lib/x86_64-linux-gnu/cmake/pcl/PCLConfig.cmake:543 (find_external_library)
  CMakeLists.txt:9 (find_package)
This warning is for project developers.  Use -Wno-dev to suppress it.
[0m
[0m** WARNING ** io features related to pcap will be disabled[0m
[01m[K/home/vallari/Development/ptnet/src/ROS2-Point-Cloud-Clustering-and-Segmentation-for-Autonomous-Behaviour/point_cloud_processing/src/6_kd_tree.cpp:[m[K In function ‘[01m[Kint main()[m[K’:
[01m[K/home/vallari/Development/ptnet/src/ROS2-Point-Cloud-Clustering-and-Segmentation-for-Autonomous-Behaviour/point_cloud_processing/src/6_kd_tree.cpp:33:20:[m[K [01;35m[Kwarning: [m[Kcomparison of integer expressions of different signedness: ‘[01m[Kint[m[K’ and ‘[01m[Kstd::vector<int, std::allocator<int> >::size_type[m[K’ {aka ‘[01m[Klong unsigned int[m[K’} [[01;35m[K]8;;https://gcc.gnu.org/onlinedocs/gcc/Warning-Options.html#index-Wsign-compare-Wsign-compare]8;;[m[K]
   33 |     for (int i=0; [01;35m[Ki<indices.size()[m[K; i++)
      |                   [01;35m[K~^~~~~~~~~~~~~~~[m[K
[01m[K/home/vallari/Development/ptnet/src/ROS2-Point-Cloud-Clustering-and-Segmentation-for-Autonomous-Behaviour/point_cloud_processing/src/4_point_path_drawing.cpp:[m[K In function ‘[01m[Kint main()[m[K’:
[01m[K/home/vallari/Development/ptnet/src/ROS2-Point-Cloud-Clustering-and-Segmentation-for-Autonomous-Behaviour/point_cloud_processing/src/4_point_path_drawing.cpp:19:22:[m[K [01;35m[Kwarning: [m[Kcomparison of integer expressions of different signedness: ‘[01m[Kint[m[K’ and ‘[01m[Kstd::vector<pcl::PointXYZ, Eigen::aligned_allocator<pcl::PointXYZ> >::size_type[m[K’ {aka ‘[01m[Klong unsigned int[m[K’} [[01;35m[K]8;;https://gcc.gnu.org/onlinedocs/gcc/Warning-Options.html#index-Wsign-compare-Wsign-compare]8;;[m[K]
   19 |         for(int i=0;[01;35m[Ki<cloud->points.size()[m[K;i++){
      |                     [01;35m[K~^~~~~~~~~~~~~~~~~~~~~[m[K
