[0.014s] Invoking command in '/home/vallari/Development/ptnet/build/ros2_kitti_publishers': CMAKE_PREFIX_PATH=${CMAKE_PREFIX_PATH}:/opt/ros/humble /home/vallari/.local/bin/cmake --build /home/vallari/Development/ptnet/build/ros2_kitti_publishers -- -j16 -l16
[0.081s] [ 50%] Built target ros2_kitti_publishers
[0.112s] [100%] Built target kitti_publishers
[0.121s] Invoked command in '/home/vallari/Development/ptnet/build/ros2_kitti_publishers' returned '0': CMAKE_PREFIX_PATH=${CMAKE_PREFIX_PATH}:/opt/ros/humble /home/vallari/.local/bin/cmake --build /home/vallari/Development/ptnet/build/ros2_kitti_publishers -- -j16 -l16
[0.170s] Invoking command in '/home/vallari/Development/ptnet/build/ros2_kitti_publishers': CMAKE_PREFIX_PATH=${CMAKE_PREFIX_PATH}:/opt/ros/humble /home/vallari/.local/bin/cmake --install /home/vallari/Development/ptnet/build/ros2_kitti_publishers
[0.190s] -- Install configuration: ""
[0.190s] -- Execute custom install script
[0.191s] -- Up-to-date symlink: /home/vallari/Development/ptnet/install/ros2_kitti_publishers/include//ros2_kitti_publishers/WGS84toCartesian.hpp
[0.191s] -- Up-to-date symlink: /home/vallari/Development/ptnet/install/ros2_kitti_publishers/include//ros2_kitti_publishers/kitti_publishers_node.hpp
[0.191s] -- Up-to-date symlink: /home/vallari/Development/ptnet/install/ros2_kitti_publishers/include//ros2_kitti_publishers/visibility.h
[0.192s] -- Up-to-date symlink: /home/vallari/Development/ptnet/install/ros2_kitti_publishers/share/ros2_kitti_publishers/launch/README.md
[0.192s] -- Up-to-date symlink: /home/vallari/Development/ptnet/install/ros2_kitti_publishers/lib/libros2_kitti_publishers.so
[0.192s] -- Up-to-date symlink: /home/vallari/Development/ptnet/install/ros2_kitti_publishers/lib/ros2_kitti_publishers/kitti_publishers
[0.192s] -- Up-to-date symlink: /home/vallari/Development/ptnet/install/ros2_kitti_publishers/share/ament_index/resource_index/package_run_dependencies/ros2_kitti_publishers
[0.193s] -- Up-to-date symlink: /home/vallari/Development/ptnet/install/ros2_kitti_publishers/share/ament_index/resource_index/parent_prefix_path/ros2_kitti_publishers
[0.193s] -- Up-to-date symlink: /home/vallari/Development/ptnet/install/ros2_kitti_publishers/share/ros2_kitti_publishers/environment/ament_prefix_path.sh
[0.193s] -- Up-to-date symlink: /home/vallari/Development/ptnet/install/ros2_kitti_publishers/share/ros2_kitti_publishers/environment/ament_prefix_path.dsv
[0.193s] -- Up-to-date symlink: /home/vallari/Development/ptnet/install/ros2_kitti_publishers/share/ros2_kitti_publishers/environment/path.sh
[0.193s] -- Up-to-date symlink: /home/vallari/Development/ptnet/install/ros2_kitti_publishers/share/ros2_kitti_publishers/environment/path.dsv
[0.193s] -- Up-to-date symlink: /home/vallari/Development/ptnet/install/ros2_kitti_publishers/share/ros2_kitti_publishers/local_setup.bash
[0.193s] -- Up-to-date symlink: /home/vallari/Development/ptnet/install/ros2_kitti_publishers/share/ros2_kitti_publishers/local_setup.sh
[0.194s] -- Up-to-date symlink: /home/vallari/Development/ptnet/install/ros2_kitti_publishers/share/ros2_kitti_publishers/local_setup.zsh
[0.194s] -- Up-to-date symlink: /home/vallari/Development/ptnet/install/ros2_kitti_publishers/share/ros2_kitti_publishers/local_setup.dsv
[0.194s] -- Symlinking: /home/vallari/Development/ptnet/install/ros2_kitti_publishers/share/ros2_kitti_publishers/package.dsv
[0.196s] -- Up-to-date symlink: /home/vallari/Development/ptnet/install/ros2_kitti_publishers/share/ament_index/resource_index/packages/ros2_kitti_publishers
[0.196s] -- Up-to-date symlink: /home/vallari/Development/ptnet/install/ros2_kitti_publishers/share/ros2_kitti_publishers/cmake/ros2_kitti_publishersConfig.cmake
[0.197s] -- Up-to-date symlink: /home/vallari/Development/ptnet/install/ros2_kitti_publishers/share/ros2_kitti_publishers/cmake/ros2_kitti_publishersConfig-version.cmake
[0.197s] -- Up-to-date symlink: /home/vallari/Development/ptnet/install/ros2_kitti_publishers/share/ros2_kitti_publishers/package.xml
[0.214s] Invoked command in '/home/vallari/Development/ptnet/build/ros2_kitti_publishers' returned '0': CMAKE_PREFIX_PATH=${CMAKE_PREFIX_PATH}:/opt/ros/humble /home/vallari/.local/bin/cmake --install /home/vallari/Development/ptnet/build/ros2_kitti_publishers
