[0.011s] Invoking command in '/home/vallari/Development/ptnet/build/turtlebot3_gazebo': CMAKE_PREFIX_PATH=${CMAKE_PREFIX_PATH}:/opt/ros/humble /home/vallari/.local/bin/cmake /home/vallari/Development/ptnet/src/ROS2-Point-Cloud-Clustering-and-Segmentation-for-Autonomous-Behaviour/turtlebot3_gazebo -DAMENT_CMAKE_SYMLINK_INSTALL=1 -DCMAKE_INSTALL_PREFIX=/home/vallari/Development/ptnet/install/turtlebot3_gazebo
[0.036s] -- Found ament_cmake: 1.3.8 (/opt/ros/humble/share/ament_cmake/cmake)
[0.205s] -- Override CMake install command with custom implementation using symlinks instead of copying resources
[0.217s] [33mCMake Warning (dev) at /home/vallari/.local/lib/python3.10/site-packages/cmake/data/share/cmake-3.27/Modules/FindPackageHandleStandardArgs.cmake:438 (message):
[0.217s]   The package name passed to `find_package_handle_standard_args` (PkgConfig)
[0.217s]   does not match the name of the calling package (gazebo).  This can lead to
[0.217s]   problems in calling code that expects `find_package` result variables
[0.217s]   (e.g., `_FOUND`) to follow a certain pattern.
[0.217s] Call Stack (most recent call first):
[0.217s]   /home/vallari/.local/lib/python3.10/site-packages/cmake/data/share/cmake-3.27/Modules/FindPkgConfig.cmake:99 (find_package_handle_standard_args)
[0.217s]   /usr/lib/x86_64-linux-gnu/cmake/gazebo/gazebo-config.cmake:72 (include)
[0.218s]   CMakeLists.txt:23 (find_package)
[0.218s] This warning is for project developers.  Use -Wno-dev to suppress it.
[0.218s] [0m
[0.237s] -- Found DART: /usr/include (Required is at least version "6.6") found components: dart 
[0.265s] -- Found Protobuf: /usr/lib/x86_64-linux-gnu/libprotobuf.so (found version "3.12.4") 
[0.266s] -- Looking for ignition-math6 -- found version 6.15.1
[0.269s] -- Searching for dependencies of ignition-math6
[0.270s] -- Looking for OGRE...
[0.275s] -- Found Ogre Ghadamon (1.9.0)
[0.275s] -- Found OGRE: optimized;/usr/lib/x86_64-linux-gnu/libOgreMain.so;debug;/usr/lib/x86_64-linux-gnu/libOgreMain.so
[0.283s] -- Looking for OGRE_Paging...
[0.283s] -- Found OGRE_Paging: optimized;/usr/lib/x86_64-linux-gnu/libOgrePaging.so;debug;/usr/lib/x86_64-linux-gnu/libOgrePaging.so
[0.283s] -- Looking for OGRE_Terrain...
[0.283s] -- Found OGRE_Terrain: optimized;/usr/lib/x86_64-linux-gnu/libOgreTerrain.so;debug;/usr/lib/x86_64-linux-gnu/libOgreTerrain.so
[0.283s] -- Looking for OGRE_Property...
[0.283s] -- Found OGRE_Property: optimized;/usr/lib/x86_64-linux-gnu/libOgreProperty.so;debug;/usr/lib/x86_64-linux-gnu/libOgreProperty.so
[0.283s] -- Looking for OGRE_RTShaderSystem...
[0.283s] -- Found OGRE_RTShaderSystem: optimized;/usr/lib/x86_64-linux-gnu/libOgreRTShaderSystem.so;debug;/usr/lib/x86_64-linux-gnu/libOgreRTShaderSystem.so
[0.283s] -- Looking for OGRE_Volume...
[0.283s] -- Found OGRE_Volume: optimized;/usr/lib/x86_64-linux-gnu/libOgreVolume.so;debug;/usr/lib/x86_64-linux-gnu/libOgreVolume.so
[0.283s] -- Looking for OGRE_Overlay...
[0.284s] -- Found OGRE_Overlay: optimized;/usr/lib/x86_64-linux-gnu/libOgreOverlay.so;debug;/usr/lib/x86_64-linux-gnu/libOgreOverlay.so
[0.446s] -- Looking for ignition-math6 -- found version 6.15.1
[0.446s] -- Looking for ignition-transport8 -- found version 8.2.1
[0.447s] -- Searching for dependencies of ignition-transport8
[0.467s] -- Found Protobuf: /usr/lib/x86_64-linux-gnu/libprotobuf.so (found suitable version "3.12.4", minimum required is "3") 
[0.479s] -- Config-file not installed for ZeroMQ -- checking for pkg-config
[0.483s] -- Checking for module 'libzmq >= 4'
[0.494s] --   Found libzmq , version 4.3.4
[0.536s] -- Checking for module 'uuid'
[0.546s] --   Found uuid, version 2.37.2
[0.579s] -- Looking for ignition-msgs5 -- found version 5.8.1
[0.579s] -- Searching for dependencies of ignition-msgs5
[0.600s] -- Looking for ignition-math6 -- found version 6.15.1
[0.605s] -- Checking for module 'tinyxml2'
[0.616s] --   Found tinyxml2, version 9.0.0
[0.650s] -- Looking for ignition-msgs5 -- found version 5.8.1
[0.651s] -- Looking for ignition-common3 -- found version 3.14.0
[0.651s] -- Searching for dependencies of ignition-common3
[0.651s] -- Looking for dlfcn.h - found
[0.651s] -- Looking for libdl - found
[0.666s] -- Searching for <ignition-common3> component [graphics]
[0.666s] -- Looking for ignition-common3-graphics -- found version 3.14.0
[0.666s] -- Searching for dependencies of ignition-common3-graphics
[0.666s] -- Looking for ignition-math6 -- found version 6.15.1
[0.667s] -- Looking for ignition-fuel_tools4 -- found version 4.4.0
[0.667s] -- Searching for dependencies of ignition-fuel_tools4
[0.701s] [0mCMake Deprecation Warning at /usr/lib/x86_64-linux-gnu/cmake/jsoncpp/jsoncppConfig.cmake:2 (cmake_policy):
[0.701s]   Compatibility with CMake < 3.5 will be removed from a future version of
[0.701s]   CMake.
[0.701s] 
[0.701s]   Update the VERSION argument <min> value or use a ...<max> suffix to tell
[0.702s]   CMake that the project does not need compatibility with older versions.
[0.702s] Call Stack (most recent call first):
[0.702s]   /usr/share/cmake/ignition-cmake2/cmake2/FindJSONCPP.cmake:34 (find_package)
[0.702s]   /usr/lib/x86_64-linux-gnu/cmake/ignition-fuel_tools4/ignition-fuel_tools4-config.cmake:94 (find_package)
[0.702s]   /usr/lib/x86_64-linux-gnu/cmake/gazebo/gazebo-config.cmake:251 (find_package)
[0.702s]   CMakeLists.txt:23 (find_package)
[0.702s] 
[0.702s] [0m
[0.706s] -- Checking for module 'jsoncpp'
[0.719s] --   Found jsoncpp, version 1.9.5
[0.757s] -- Checking for module 'libzip'
[0.770s] --   Found libzip, version 1.7.3
[0.804s] -- Looking for ignition-common3 -- found version 3.14.0
[0.804s] -- Looking for ignition-math6 -- found version 6.15.1
[0.804s] -- Looking for ignition-msgs5 -- found version 5.8.1
[0.806s] -- Found gazebo_ros_pkgs: 3.7.0 (/opt/ros/humble/share/gazebo_ros_pkgs/cmake)
[0.806s] -- Found geometry_msgs: 4.2.3 (/opt/ros/humble/share/geometry_msgs/cmake)
[0.826s] -- Found rosidl_generator_c: 3.1.5 (/opt/ros/humble/share/rosidl_generator_c/cmake)
[0.829s] -- Found rosidl_adapter: 3.1.5 (/opt/ros/humble/share/rosidl_adapter/cmake)
[0.834s] -- Found rosidl_generator_cpp: 3.1.5 (/opt/ros/humble/share/rosidl_generator_cpp/cmake)
[0.844s] -- Using all available rosidl_typesupport_c: rosidl_typesupport_fastrtps_c;rosidl_typesupport_introspection_c
[0.858s] -- Using all available rosidl_typesupport_cpp: rosidl_typesupport_fastrtps_cpp;rosidl_typesupport_introspection_cpp
[0.953s] -- Found nav_msgs: 4.2.3 (/opt/ros/humble/share/nav_msgs/cmake)
[1.018s] -- Found rclcpp: 16.0.8 (/opt/ros/humble/share/rclcpp/cmake)
[1.059s] -- Found rmw_implementation_cmake: 6.1.1 (/opt/ros/humble/share/rmw_implementation_cmake/cmake)
[1.060s] -- Found rmw_fastrtps_cpp: 6.2.6 (/opt/ros/humble/share/rmw_fastrtps_cpp/cmake)
[1.181s] -- Using RMW implementation 'rmw_fastrtps_cpp' as default
[1.284s] -- Found sensor_msgs: 4.2.3 (/opt/ros/humble/share/sensor_msgs/cmake)
[1.352s] -- Found tf2: 0.25.6 (/opt/ros/humble/share/tf2/cmake)
[1.427s] -- Configuring done (1.4s)
[1.459s] -- Generating done (0.0s)
[1.462s] -- Build files have been written to: /home/vallari/Development/ptnet/build/turtlebot3_gazebo
[1.488s] Invoked command in '/home/vallari/Development/ptnet/build/turtlebot3_gazebo' returned '0': CMAKE_PREFIX_PATH=${CMAKE_PREFIX_PATH}:/opt/ros/humble /home/vallari/.local/bin/cmake /home/vallari/Development/ptnet/src/ROS2-Point-Cloud-Clustering-and-Segmentation-for-Autonomous-Behaviour/turtlebot3_gazebo -DAMENT_CMAKE_SYMLINK_INSTALL=1 -DCMAKE_INSTALL_PREFIX=/home/vallari/Development/ptnet/install/turtlebot3_gazebo
[1.490s] Invoking command in '/home/vallari/Development/ptnet/build/turtlebot3_gazebo': CMAKE_PREFIX_PATH=${CMAKE_PREFIX_PATH}:/opt/ros/humble /home/vallari/.local/bin/cmake --build /home/vallari/Development/ptnet/build/turtlebot3_gazebo -- -j16 -l16
[1.542s] [ 12%] [32m[1mLinking CXX executable turtlebot3_drive[0m
[1.563s] [ 62%] Built target obstacle1
[1.563s] [ 62%] Built target obstacles
[1.563s] [ 87%] Built target obstacle2
[2.054s] [100%] Built target turtlebot3_drive
[2.070s] Invoked command in '/home/vallari/Development/ptnet/build/turtlebot3_gazebo' returned '0': CMAKE_PREFIX_PATH=${CMAKE_PREFIX_PATH}:/opt/ros/humble /home/vallari/.local/bin/cmake --build /home/vallari/Development/ptnet/build/turtlebot3_gazebo -- -j16 -l16
[2.166s] Invoking command in '/home/vallari/Development/ptnet/build/turtlebot3_gazebo': CMAKE_PREFIX_PATH=${CMAKE_PREFIX_PATH}:/opt/ros/humble /home/vallari/.local/bin/cmake --install /home/vallari/Development/ptnet/build/turtlebot3_gazebo
[2.189s] -- Install configuration: ""
[2.189s] -- Execute custom install script
[2.189s] -- Symlinking: /home/vallari/Development/ptnet/install/turtlebot3_gazebo/lib/turtlebot3_gazebo/turtlebot3_drive
[2.194s] -- Symlinking: /home/vallari/Development/ptnet/install/turtlebot3_gazebo/share/turtlebot3_gazebo//launch/empty_world.launch.py
[2.198s] -- Symlinking: /home/vallari/Development/ptnet/install/turtlebot3_gazebo/share/turtlebot3_gazebo//launch/robot_state_publisher.launch.py
[2.200s] -- Symlinking: /home/vallari/Development/ptnet/install/turtlebot3_gazebo/share/turtlebot3_gazebo//launch/spawn_turtlebot3.launch.py
[2.204s] -- Symlinking: /home/vallari/Development/ptnet/install/turtlebot3_gazebo/share/turtlebot3_gazebo//launch/turtlebot3_dqn_stage1.launch.py
[2.207s] -- Symlinking: /home/vallari/Development/ptnet/install/turtlebot3_gazebo/share/turtlebot3_gazebo//launch/turtlebot3_dqn_stage2.launch.py
[2.211s] -- Symlinking: /home/vallari/Development/ptnet/install/turtlebot3_gazebo/share/turtlebot3_gazebo//launch/turtlebot3_dqn_stage3.launch.py
[2.214s] -- Symlinking: /home/vallari/Development/ptnet/install/turtlebot3_gazebo/share/turtlebot3_gazebo//launch/turtlebot3_dqn_stage4.launch.py
[2.216s] -- Symlinking: /home/vallari/Development/ptnet/install/turtlebot3_gazebo/share/turtlebot3_gazebo//launch/turtlebot3_house.launch.py
[2.219s] -- Symlinking: /home/vallari/Development/ptnet/install/turtlebot3_gazebo/share/turtlebot3_gazebo//launch/turtlebot3_world.launch.py
[2.223s] -- Symlinking: /home/vallari/Development/ptnet/install/turtlebot3_gazebo/share/turtlebot3_gazebo//models/turtlebot3_dqn_world/goal_box/model.config
[2.226s] -- Symlinking: /home/vallari/Development/ptnet/install/turtlebot3_gazebo/share/turtlebot3_gazebo//models/turtlebot3_dqn_world/goal_box/model.sdf
[2.228s] -- Symlinking: /home/vallari/Development/ptnet/install/turtlebot3_gazebo/share/turtlebot3_gazebo//models/turtlebot3_dqn_world/inner_walls/model.config
[2.232s] -- Symlinking: /home/vallari/Development/ptnet/install/turtlebot3_gazebo/share/turtlebot3_gazebo//models/turtlebot3_dqn_world/inner_walls/model.sdf
[2.236s] -- Symlinking: /home/vallari/Development/ptnet/install/turtlebot3_gazebo/share/turtlebot3_gazebo//models/turtlebot3_dqn_world/model.config
[2.240s] -- Symlinking: /home/vallari/Development/ptnet/install/turtlebot3_gazebo/share/turtlebot3_gazebo//models/turtlebot3_dqn_world/model.sdf
[2.243s] -- Symlinking: /home/vallari/Development/ptnet/install/turtlebot3_gazebo/share/turtlebot3_gazebo//models/turtlebot3_dqn_world/obstacle1/model.config
[2.246s] -- Symlinking: /home/vallari/Development/ptnet/install/turtlebot3_gazebo/share/turtlebot3_gazebo//models/turtlebot3_dqn_world/obstacle1/model.sdf
[2.248s] -- Symlinking: /home/vallari/Development/ptnet/install/turtlebot3_gazebo/share/turtlebot3_gazebo//models/turtlebot3_dqn_world/obstacle2/model.config
[2.251s] -- Symlinking: /home/vallari/Development/ptnet/install/turtlebot3_gazebo/share/turtlebot3_gazebo//models/turtlebot3_dqn_world/obstacle2/model.sdf
[2.253s] -- Symlinking: /home/vallari/Development/ptnet/install/turtlebot3_gazebo/share/turtlebot3_gazebo//models/turtlebot3_dqn_world/obstacle_plugin/CMakeLists.txt
[2.256s] -- Symlinking: /home/vallari/Development/ptnet/install/turtlebot3_gazebo/share/turtlebot3_gazebo//models/turtlebot3_dqn_world/obstacle_plugin/obstacle1.cc
[2.260s] -- Symlinking: /home/vallari/Development/ptnet/install/turtlebot3_gazebo/share/turtlebot3_gazebo//models/turtlebot3_dqn_world/obstacle_plugin/obstacle2.cc
[2.263s] -- Symlinking: /home/vallari/Development/ptnet/install/turtlebot3_gazebo/share/turtlebot3_gazebo//models/turtlebot3_dqn_world/obstacle_plugin/obstacles.cc
[2.265s] -- Symlinking: /home/vallari/Development/ptnet/install/turtlebot3_gazebo/share/turtlebot3_gazebo//models/turtlebot3_dqn_world/obstacles/model.config
[2.268s] -- Symlinking: /home/vallari/Development/ptnet/install/turtlebot3_gazebo/share/turtlebot3_gazebo//models/turtlebot3_dqn_world/obstacles/model.sdf
[2.271s] -- Symlinking: /home/vallari/Development/ptnet/install/turtlebot3_gazebo/share/turtlebot3_gazebo//models/turtlebot3_waffle/model-1_4.sdf
[2.275s] -- Symlinking: /home/vallari/Development/ptnet/install/turtlebot3_gazebo/share/turtlebot3_gazebo//models/turtlebot3_waffle/model.config
[2.278s] -- Symlinking: /home/vallari/Development/ptnet/install/turtlebot3_gazebo/share/turtlebot3_gazebo//models/turtlebot3_waffle/model.sdf
[2.282s] -- Symlinking: /home/vallari/Development/ptnet/install/turtlebot3_gazebo/share/turtlebot3_gazebo//models/turtlebot3_world/meshes/hexagon.dae
[2.285s] -- Symlinking: /home/vallari/Development/ptnet/install/turtlebot3_gazebo/share/turtlebot3_gazebo//models/turtlebot3_world/meshes/wall.dae
[2.288s] -- Symlinking: /home/vallari/Development/ptnet/install/turtlebot3_gazebo/share/turtlebot3_gazebo//models/turtlebot3_world/model-1_4.sdf
[2.291s] -- Symlinking: /home/vallari/Development/ptnet/install/turtlebot3_gazebo/share/turtlebot3_gazebo//models/turtlebot3_world/model.config
[2.294s] -- Symlinking: /home/vallari/Development/ptnet/install/turtlebot3_gazebo/share/turtlebot3_gazebo//models/turtlebot3_world/model.sdf
[2.296s] -- Symlinking: /home/vallari/Development/ptnet/install/turtlebot3_gazebo/share/turtlebot3_gazebo//rviz/tb3_gazebo.rviz
[2.300s] -- Symlinking: /home/vallari/Development/ptnet/install/turtlebot3_gazebo/share/turtlebot3_gazebo//urdf/turtlebot3_waffle.urdf
[2.304s] -- Symlinking: /home/vallari/Development/ptnet/install/turtlebot3_gazebo/share/turtlebot3_gazebo//worlds/empty_world.world
[2.307s] -- Symlinking: /home/vallari/Development/ptnet/install/turtlebot3_gazebo/share/turtlebot3_gazebo//worlds/turtlebot3_world.world
[2.311s] -- Symlinking: /home/vallari/Development/ptnet/install/turtlebot3_gazebo/include//turtlebot3_gazebo/turtlebot3_drive.hpp
[2.314s] -- Symlinking: /home/vallari/Development/ptnet/install/turtlebot3_gazebo/share/ament_index/resource_index/package_run_dependencies/turtlebot3_gazebo
[2.318s] -- Symlinking: /home/vallari/Development/ptnet/install/turtlebot3_gazebo/share/ament_index/resource_index/parent_prefix_path/turtlebot3_gazebo
[2.321s] -- Symlinking: /home/vallari/Development/ptnet/install/turtlebot3_gazebo/share/turtlebot3_gazebo/environment/ament_prefix_path.sh
[2.324s] -- Symlinking: /home/vallari/Development/ptnet/install/turtlebot3_gazebo/share/turtlebot3_gazebo/environment/ament_prefix_path.dsv
[2.327s] -- Symlinking: /home/vallari/Development/ptnet/install/turtlebot3_gazebo/share/turtlebot3_gazebo/environment/path.sh
[2.329s] -- Symlinking: /home/vallari/Development/ptnet/install/turtlebot3_gazebo/share/turtlebot3_gazebo/environment/path.dsv
[2.332s] -- Symlinking: /home/vallari/Development/ptnet/install/turtlebot3_gazebo/share/turtlebot3_gazebo/local_setup.bash
[2.337s] -- Symlinking: /home/vallari/Development/ptnet/install/turtlebot3_gazebo/share/turtlebot3_gazebo/local_setup.sh
[2.340s] -- Symlinking: /home/vallari/Development/ptnet/install/turtlebot3_gazebo/share/turtlebot3_gazebo/local_setup.zsh
[2.343s] -- Symlinking: /home/vallari/Development/ptnet/install/turtlebot3_gazebo/share/turtlebot3_gazebo/local_setup.dsv
[2.347s] -- Symlinking: /home/vallari/Development/ptnet/install/turtlebot3_gazebo/share/turtlebot3_gazebo/package.dsv
[2.349s] -- Symlinking: /home/vallari/Development/ptnet/install/turtlebot3_gazebo/share/ament_index/resource_index/packages/turtlebot3_gazebo
[2.352s] -- Symlinking: /home/vallari/Development/ptnet/install/turtlebot3_gazebo/share/turtlebot3_gazebo/cmake/ament_cmake_export_include_directories-extras.cmake
[2.356s] -- Symlinking: /home/vallari/Development/ptnet/install/turtlebot3_gazebo/share/turtlebot3_gazebo/cmake/ament_cmake_export_dependencies-extras.cmake
[2.360s] -- Symlinking: /home/vallari/Development/ptnet/install/turtlebot3_gazebo/share/turtlebot3_gazebo/cmake/turtlebot3_gazeboConfig.cmake
[2.364s] -- Symlinking: /home/vallari/Development/ptnet/install/turtlebot3_gazebo/share/turtlebot3_gazebo/cmake/turtlebot3_gazeboConfig-version.cmake
[2.367s] -- Symlinking: /home/vallari/Development/ptnet/install/turtlebot3_gazebo/share/turtlebot3_gazebo/package.xml
[2.376s] Invoked command in '/home/vallari/Development/ptnet/build/turtlebot3_gazebo' returned '0': CMAKE_PREFIX_PATH=${CMAKE_PREFIX_PATH}:/opt/ros/humble /home/vallari/.local/bin/cmake --install /home/vallari/Development/ptnet/build/turtlebot3_gazebo
