[0.015s] Invoking command in '/home/vallari/Development/ptnet/build/turtlebot3_gazebo': CMAKE_PREFIX_PATH=${CMAKE_PREFIX_PATH}:/opt/ros/humble /home/vallari/.local/bin/cmake --build /home/vallari/Development/ptnet/build/turtlebot3_gazebo -- -j16 -l16
[0.065s] [ 25%] Built target turtlebot3_drive
[0.080s] [ 50%] Built target obstacle1
[0.082s] [ 75%] Built target obstacles
[0.082s] [100%] Built target obstacle2
[0.096s] Invoked command in '/home/vallari/Development/ptnet/build/turtlebot3_gazebo' returned '0': CMAKE_PREFIX_PATH=${CMAKE_PREFIX_PATH}:/opt/ros/humble /home/vallari/.local/bin/cmake --build /home/vallari/Development/ptnet/build/turtlebot3_gazebo -- -j16 -l16
[0.184s] Invoking command in '/home/vallari/Development/ptnet/build/turtlebot3_gazebo': CMAKE_PREFIX_PATH=${CMAKE_PREFIX_PATH}:/opt/ros/humble /home/vallari/.local/bin/cmake --install /home/vallari/Development/ptnet/build/turtlebot3_gazebo
[0.207s] -- Install configuration: ""
[0.208s] -- Execute custom install script
[0.208s] -- Up-to-date symlink: /home/vallari/Development/ptnet/install/turtlebot3_gazebo/lib/turtlebot3_gazebo/turtlebot3_drive
[0.208s] -- Up-to-date symlink: /home/vallari/Development/ptnet/install/turtlebot3_gazebo/share/turtlebot3_gazebo//launch/empty_world.launch.py
[0.209s] -- Up-to-date symlink: /home/vallari/Development/ptnet/install/turtlebot3_gazebo/share/turtlebot3_gazebo//launch/robot_state_publisher.launch.py
[0.209s] -- Up-to-date symlink: /home/vallari/Development/ptnet/install/turtlebot3_gazebo/share/turtlebot3_gazebo//launch/spawn_turtlebot3.launch.py
[0.209s] -- Up-to-date symlink: /home/vallari/Development/ptnet/install/turtlebot3_gazebo/share/turtlebot3_gazebo//launch/turtlebot3_dqn_stage1.launch.py
[0.209s] -- Up-to-date symlink: /home/vallari/Development/ptnet/install/turtlebot3_gazebo/share/turtlebot3_gazebo//launch/turtlebot3_dqn_stage2.launch.py
[0.209s] -- Up-to-date symlink: /home/vallari/Development/ptnet/install/turtlebot3_gazebo/share/turtlebot3_gazebo//launch/turtlebot3_dqn_stage3.launch.py
[0.209s] -- Up-to-date symlink: /home/vallari/Development/ptnet/install/turtlebot3_gazebo/share/turtlebot3_gazebo//launch/turtlebot3_dqn_stage4.launch.py
[0.209s] -- Up-to-date symlink: /home/vallari/Development/ptnet/install/turtlebot3_gazebo/share/turtlebot3_gazebo//launch/turtlebot3_house.launch.py
[0.209s] -- Up-to-date symlink: /home/vallari/Development/ptnet/install/turtlebot3_gazebo/share/turtlebot3_gazebo//launch/turtlebot3_world.launch.py
[0.210s] -- Up-to-date symlink: /home/vallari/Development/ptnet/install/turtlebot3_gazebo/share/turtlebot3_gazebo//models/turtlebot3_dqn_world/goal_box/model.config
[0.210s] -- Up-to-date symlink: /home/vallari/Development/ptnet/install/turtlebot3_gazebo/share/turtlebot3_gazebo//models/turtlebot3_dqn_world/goal_box/model.sdf
[0.210s] -- Up-to-date symlink: /home/vallari/Development/ptnet/install/turtlebot3_gazebo/share/turtlebot3_gazebo//models/turtlebot3_dqn_world/inner_walls/model.config
[0.210s] -- Up-to-date symlink: /home/vallari/Development/ptnet/install/turtlebot3_gazebo/share/turtlebot3_gazebo//models/turtlebot3_dqn_world/inner_walls/model.sdf
[0.210s] -- Up-to-date symlink: /home/vallari/Development/ptnet/install/turtlebot3_gazebo/share/turtlebot3_gazebo//models/turtlebot3_dqn_world/model.config
[0.211s] -- Up-to-date symlink: /home/vallari/Development/ptnet/install/turtlebot3_gazebo/share/turtlebot3_gazebo//models/turtlebot3_dqn_world/model.sdf
[0.211s] -- Up-to-date symlink: /home/vallari/Development/ptnet/install/turtlebot3_gazebo/share/turtlebot3_gazebo//models/turtlebot3_dqn_world/obstacle1/model.config
[0.211s] -- Up-to-date symlink: /home/vallari/Development/ptnet/install/turtlebot3_gazebo/share/turtlebot3_gazebo//models/turtlebot3_dqn_world/obstacle1/model.sdf
[0.211s] -- Up-to-date symlink: /home/vallari/Development/ptnet/install/turtlebot3_gazebo/share/turtlebot3_gazebo//models/turtlebot3_dqn_world/obstacle2/model.config
[0.211s] -- Up-to-date symlink: /home/vallari/Development/ptnet/install/turtlebot3_gazebo/share/turtlebot3_gazebo//models/turtlebot3_dqn_world/obstacle2/model.sdf
[0.211s] -- Up-to-date symlink: /home/vallari/Development/ptnet/install/turtlebot3_gazebo/share/turtlebot3_gazebo//models/turtlebot3_dqn_world/obstacle_plugin/CMakeLists.txt
[0.211s] -- Up-to-date symlink: /home/vallari/Development/ptnet/install/turtlebot3_gazebo/share/turtlebot3_gazebo//models/turtlebot3_dqn_world/obstacle_plugin/obstacle1.cc
[0.211s] -- Up-to-date symlink: /home/vallari/Development/ptnet/install/turtlebot3_gazebo/share/turtlebot3_gazebo//models/turtlebot3_dqn_world/obstacle_plugin/obstacle2.cc
[0.211s] -- Up-to-date symlink: /home/vallari/Development/ptnet/install/turtlebot3_gazebo/share/turtlebot3_gazebo//models/turtlebot3_dqn_world/obstacle_plugin/obstacles.cc
[0.211s] -- Up-to-date symlink: /home/vallari/Development/ptnet/install/turtlebot3_gazebo/share/turtlebot3_gazebo//models/turtlebot3_dqn_world/obstacles/model.config
[0.211s] -- Up-to-date symlink: /home/vallari/Development/ptnet/install/turtlebot3_gazebo/share/turtlebot3_gazebo//models/turtlebot3_dqn_world/obstacles/model.sdf
[0.211s] -- Up-to-date symlink: /home/vallari/Development/ptnet/install/turtlebot3_gazebo/share/turtlebot3_gazebo//models/turtlebot3_waffle/model-1_4.sdf
[0.212s] -- Up-to-date symlink: /home/vallari/Development/ptnet/install/turtlebot3_gazebo/share/turtlebot3_gazebo//models/turtlebot3_waffle/model.config
[0.212s] -- Up-to-date symlink: /home/vallari/Development/ptnet/install/turtlebot3_gazebo/share/turtlebot3_gazebo//models/turtlebot3_waffle/model.sdf
[0.212s] -- Up-to-date symlink: /home/vallari/Development/ptnet/install/turtlebot3_gazebo/share/turtlebot3_gazebo//models/turtlebot3_world/meshes/hexagon.dae
[0.212s] -- Up-to-date symlink: /home/vallari/Development/ptnet/install/turtlebot3_gazebo/share/turtlebot3_gazebo//models/turtlebot3_world/meshes/wall.dae
[0.212s] -- Up-to-date symlink: /home/vallari/Development/ptnet/install/turtlebot3_gazebo/share/turtlebot3_gazebo//models/turtlebot3_world/model-1_4.sdf
[0.212s] -- Up-to-date symlink: /home/vallari/Development/ptnet/install/turtlebot3_gazebo/share/turtlebot3_gazebo//models/turtlebot3_world/model.config
[0.212s] -- Up-to-date symlink: /home/vallari/Development/ptnet/install/turtlebot3_gazebo/share/turtlebot3_gazebo//models/turtlebot3_world/model.sdf
[0.212s] -- Up-to-date symlink: /home/vallari/Development/ptnet/install/turtlebot3_gazebo/share/turtlebot3_gazebo//rviz/tb3_gazebo.rviz
[0.212s] -- Up-to-date symlink: /home/vallari/Development/ptnet/install/turtlebot3_gazebo/share/turtlebot3_gazebo//urdf/turtlebot3_waffle.urdf
[0.213s] -- Up-to-date symlink: /home/vallari/Development/ptnet/install/turtlebot3_gazebo/share/turtlebot3_gazebo//worlds/empty_world.world
[0.213s] -- Up-to-date symlink: /home/vallari/Development/ptnet/install/turtlebot3_gazebo/share/turtlebot3_gazebo//worlds/turtlebot3_world.world
[0.213s] -- Up-to-date symlink: /home/vallari/Development/ptnet/install/turtlebot3_gazebo/include//turtlebot3_gazebo/turtlebot3_drive.hpp
[0.213s] -- Up-to-date symlink: /home/vallari/Development/ptnet/install/turtlebot3_gazebo/share/ament_index/resource_index/package_run_dependencies/turtlebot3_gazebo
[0.213s] -- Up-to-date symlink: /home/vallari/Development/ptnet/install/turtlebot3_gazebo/share/ament_index/resource_index/parent_prefix_path/turtlebot3_gazebo
[0.213s] -- Up-to-date symlink: /home/vallari/Development/ptnet/install/turtlebot3_gazebo/share/turtlebot3_gazebo/environment/ament_prefix_path.sh
[0.213s] -- Up-to-date symlink: /home/vallari/Development/ptnet/install/turtlebot3_gazebo/share/turtlebot3_gazebo/environment/ament_prefix_path.dsv
[0.214s] -- Up-to-date symlink: /home/vallari/Development/ptnet/install/turtlebot3_gazebo/share/turtlebot3_gazebo/environment/path.sh
[0.214s] -- Up-to-date symlink: /home/vallari/Development/ptnet/install/turtlebot3_gazebo/share/turtlebot3_gazebo/environment/path.dsv
[0.214s] -- Up-to-date symlink: /home/vallari/Development/ptnet/install/turtlebot3_gazebo/share/turtlebot3_gazebo/local_setup.bash
[0.214s] -- Up-to-date symlink: /home/vallari/Development/ptnet/install/turtlebot3_gazebo/share/turtlebot3_gazebo/local_setup.sh
[0.214s] -- Up-to-date symlink: /home/vallari/Development/ptnet/install/turtlebot3_gazebo/share/turtlebot3_gazebo/local_setup.zsh
[0.214s] -- Up-to-date symlink: /home/vallari/Development/ptnet/install/turtlebot3_gazebo/share/turtlebot3_gazebo/local_setup.dsv
[0.214s] -- Symlinking: /home/vallari/Development/ptnet/install/turtlebot3_gazebo/share/turtlebot3_gazebo/package.dsv
[0.217s] -- Up-to-date symlink: /home/vallari/Development/ptnet/install/turtlebot3_gazebo/share/ament_index/resource_index/packages/turtlebot3_gazebo
[0.217s] -- Up-to-date symlink: /home/vallari/Development/ptnet/install/turtlebot3_gazebo/share/turtlebot3_gazebo/cmake/ament_cmake_export_include_directories-extras.cmake
[0.218s] -- Up-to-date symlink: /home/vallari/Development/ptnet/install/turtlebot3_gazebo/share/turtlebot3_gazebo/cmake/ament_cmake_export_dependencies-extras.cmake
[0.218s] -- Up-to-date symlink: /home/vallari/Development/ptnet/install/turtlebot3_gazebo/share/turtlebot3_gazebo/cmake/turtlebot3_gazeboConfig.cmake
[0.218s] -- Up-to-date symlink: /home/vallari/Development/ptnet/install/turtlebot3_gazebo/share/turtlebot3_gazebo/cmake/turtlebot3_gazeboConfig-version.cmake
[0.218s] -- Up-to-date symlink: /home/vallari/Development/ptnet/install/turtlebot3_gazebo/share/turtlebot3_gazebo/package.xml
[0.233s] Invoked command in '/home/vallari/Development/ptnet/build/turtlebot3_gazebo' returned '0': CMAKE_PREFIX_PATH=${CMAKE_PREFIX_PATH}:/opt/ros/humble /home/vallari/.local/bin/cmake --install /home/vallari/Development/ptnet/build/turtlebot3_gazebo
