[0.015s] Invoking command in '/home/vallari/Development/ptnet/build/ros2_kitti_publishers': CMAKE_PREFIX_PATH=${CMAKE_PREFIX_PATH}:/opt/ros/humble /home/vallari/.local/bin/cmake --build /home/vallari/Development/ptnet/build/ros2_kitti_publishers -- -j16 -l16
[0.087s] [ 50%] Built target ros2_kitti_publishers
[0.122s] [ 75%] [32mBuilding CXX object CMakeFiles/kitti_publishers.dir/src/kitti_publishers_main.cpp.o[0m
[5.798s] [100%] [32m[1mLinking CXX executable kitti_publishers[0m
[6.204s] [100%] Built target kitti_publishers
[6.218s] Invoked command in '/home/vallari/Development/ptnet/build/ros2_kitti_publishers' returned '0': CMAKE_PREFIX_PATH=${CMAKE_PREFIX_PATH}:/opt/ros/humble /home/vallari/.local/bin/cmake --build /home/vallari/Development/ptnet/build/ros2_kitti_publishers -- -j16 -l16
[6.276s] Invoking command in '/home/vallari/Development/ptnet/build/ros2_kitti_publishers': CMAKE_PREFIX_PATH=${CMAKE_PREFIX_PATH}:/opt/ros/humble /home/vallari/.local/bin/cmake --install /home/vallari/Development/ptnet/build/ros2_kitti_publishers
[6.298s] -- Install configuration: ""
[6.298s] -- Execute custom install script
[6.299s] -- Up-to-date symlink: /home/vallari/Development/ptnet/install/ros2_kitti_publishers/include//ros2_kitti_publishers/WGS84toCartesian.hpp
[6.299s] -- Up-to-date symlink: /home/vallari/Development/ptnet/install/ros2_kitti_publishers/include//ros2_kitti_publishers/kitti_publishers_node.hpp
[6.299s] -- Up-to-date symlink: /home/vallari/Development/ptnet/install/ros2_kitti_publishers/include//ros2_kitti_publishers/visibility.h
[6.300s] -- Up-to-date symlink: /home/vallari/Development/ptnet/install/ros2_kitti_publishers/share/ros2_kitti_publishers/launch/README.md
[6.300s] -- Up-to-date symlink: /home/vallari/Development/ptnet/install/ros2_kitti_publishers/lib/libros2_kitti_publishers.so
[6.300s] -- Up-to-date symlink: /home/vallari/Development/ptnet/install/ros2_kitti_publishers/lib/ros2_kitti_publishers/kitti_publishers
[6.300s] -- Up-to-date symlink: /home/vallari/Development/ptnet/install/ros2_kitti_publishers/share/ament_index/resource_index/package_run_dependencies/ros2_kitti_publishers
[6.300s] -- Up-to-date symlink: /home/vallari/Development/ptnet/install/ros2_kitti_publishers/share/ament_index/resource_index/parent_prefix_path/ros2_kitti_publishers
[6.300s] -- Up-to-date symlink: /home/vallari/Development/ptnet/install/ros2_kitti_publishers/share/ros2_kitti_publishers/environment/ament_prefix_path.sh
[6.300s] -- Up-to-date symlink: /home/vallari/Development/ptnet/install/ros2_kitti_publishers/share/ros2_kitti_publishers/environment/ament_prefix_path.dsv
[6.301s] -- Up-to-date symlink: /home/vallari/Development/ptnet/install/ros2_kitti_publishers/share/ros2_kitti_publishers/environment/path.sh
[6.301s] -- Up-to-date symlink: /home/vallari/Development/ptnet/install/ros2_kitti_publishers/share/ros2_kitti_publishers/environment/path.dsv
[6.301s] -- Up-to-date symlink: /home/vallari/Development/ptnet/install/ros2_kitti_publishers/share/ros2_kitti_publishers/local_setup.bash
[6.301s] -- Up-to-date symlink: /home/vallari/Development/ptnet/install/ros2_kitti_publishers/share/ros2_kitti_publishers/local_setup.sh
[6.301s] -- Up-to-date symlink: /home/vallari/Development/ptnet/install/ros2_kitti_publishers/share/ros2_kitti_publishers/local_setup.zsh
[6.301s] -- Up-to-date symlink: /home/vallari/Development/ptnet/install/ros2_kitti_publishers/share/ros2_kitti_publishers/local_setup.dsv
[6.302s] -- Symlinking: /home/vallari/Development/ptnet/install/ros2_kitti_publishers/share/ros2_kitti_publishers/package.dsv
[6.305s] -- Up-to-date symlink: /home/vallari/Development/ptnet/install/ros2_kitti_publishers/share/ament_index/resource_index/packages/ros2_kitti_publishers
[6.305s] -- Up-to-date symlink: /home/vallari/Development/ptnet/install/ros2_kitti_publishers/share/ros2_kitti_publishers/cmake/ros2_kitti_publishersConfig.cmake
[6.305s] -- Up-to-date symlink: /home/vallari/Development/ptnet/install/ros2_kitti_publishers/share/ros2_kitti_publishers/cmake/ros2_kitti_publishersConfig-version.cmake
[6.305s] -- Up-to-date symlink: /home/vallari/Development/ptnet/install/ros2_kitti_publishers/share/ros2_kitti_publishers/package.xml
[6.311s] Invoked command in '/home/vallari/Development/ptnet/build/ros2_kitti_publishers' returned '0': CMAKE_PREFIX_PATH=${CMAKE_PREFIX_PATH}:/opt/ros/humble /home/vallari/.local/bin/cmake --install /home/vallari/Development/ptnet/build/ros2_kitti_publishers
